

Microchip MPLAB XC8 Assembler V2.41 build 20230208172133 
                                                                                               Tue Aug 15 19:24:54 2023

Microchip MPLAB XC8 C Compiler v2.41 (Free license) build 20230208172133 Og1 
     1                           	processor	18F4620
     2                           	fnconf	rparam,??,?,0
     3                           	pagewidth 120
     4                           	opt	flic
     5                           	psect	cinit,global,reloc=2,class=CODE,delta=1
     6                           	psect	cstackCOMRAM,global,class=COMRAM,space=1,delta=1,lowdata,noexec
     7                           	psect	text0,global,reloc=2,class=CODE,delta=1
     8                           	psect	intsave_regs,global,class=BIGRAM,space=1,delta=1,noexec
     9                           	psect	rparam,global,class=COMRAM,space=1,delta=1,noexec
    10                           	psect	config,global,abs,ovrld,class=CONFIG,space=4,delta=1,noexec
    11   000000                     
    12                           ; Generated 23/03/2023 GMT
    13                           ; 
    14                           ; Copyright © 2023, Microchip Technology Inc. and its subsidiaries ("Microchip")
    15                           ; All rights reserved.
    16                           ; 
    17                           ; This software is developed by Microchip Technology Inc. and its subsidiaries ("Microch
      +                          ip").
    18                           ; 
    19                           ; Redistribution and use in source and binary forms, with or without modification, are
    20                           ; permitted provided that the following conditions are met:
    21                           ; 
    22                           ;     1. Redistributions of source code must retain the above copyright notice, this lis
      +                          t of
    23                           ;        conditions and the following disclaimer.
    24                           ; 
    25                           ;     2. Redistributions in binary form must reproduce the above copyright notice, this 
      +                          list
    26                           ;        of conditions and the following disclaimer in the documentation and/or other
    27                           ;        materials provided with the distribution. Publication is not required when
    28                           ;        this file is used in an embedded application.
    29                           ; 
    30                           ;     3. Microchip's name may not be used to endorse or promote products derived from th
      +                          is
    31                           ;        software without specific prior written permission.
    32                           ; 
    33                           ; THIS SOFTWARE IS PROVIDED BY MICROCHIP "AS IS" AND ANY EXPRESS OR IMPLIED WARRANTIES,
    34                           ; INCLUDING, BUT NOT LIMITED TO, THE IMPLIED WARRANTIES OF MERCHANTABILITY AND FITNESS F
      +                          OR
    35                           ; PURPOSE ARE DISCLAIMED.  IN NO EVENT SHALL MICROCHIP BE LIABLE FOR ANY DIRECT, INDIREC
      +                          T,
    36                           ; INCIDENTAL, SPECIAL, EXEMPLARY, OR CONSEQUENTIAL DAMAGES (INCLUDING BUT NOT LIMITED TO
    37                           ; PROCUREMENT OF SUBSTITUTE GOODS OR SERVICES; LOSS OF USE, DATA OR PROFITS; OR BUSINESS
    38                           ; INTERRUPTION) HOWSOEVER CAUSED AND ON ANY THEORY OF LIABILITY, WHETHER IN CONTRACT, ST
      +                          RICT
    39                           ; LIABILITY, OR TORT (INCLUDING NEGLIGENCE OR OTHERWISE) ARISING IN ANY WAY OUT OF THE U
      +                          SE OF
    40                           ; THIS SOFTWARE, EVEN IF ADVISED OF THE POSSIBILITY OF SUCH DAMAGE.
    41                           ; 
    42                           ; 
    43                           ; Code-generator required, PIC18F4620 Definitions
    44                           ; 
    45                           ; SFR Addresses
    46   000000                     _LATC	set	3979
    47   000000                     _TRISC	set	3988
    48                           
    49                           ; #config settings
    50                           
    51                           	psect	cinit
    52   00FFEE                     __pcinit:
    53                           	callstack 0
    54   00FFEE                     start_initialization:
    55                           	callstack 0
    56   00FFEE                     __initialization:
    57                           	callstack 0
    58   00FFEE                     end_of_initialization:
    59                           	callstack 0
    60   00FFEE                     __end_of__initialization:
    61                           	callstack 0
    62   00FFEE  0100               	movlb	0
    63   00FFF0  EFFA  F07F         	goto	_main	;jump to C main() function
    64                           
    65                           	psect	cstackCOMRAM
    66   000000                     __pcstackCOMRAM:
    67                           	callstack 0
    68   000000                     
    69                           ; 2 bytes @ 0x0
    70 ;;
    71 ;;Main: autosize = 0, tempsize = 0, incstack = 0, save=0
    72 ;;
    73 ;; *************** function _main *****************
    74 ;; Defined at:
    75 ;;		line 14 in file "application.c"
    76 ;; Parameters:    Size  Location     Type
    77 ;;		None
    78 ;; Auto vars:     Size  Location     Type
    79 ;;  x               2    0        int 
    80 ;;  y               2    0        int 
    81 ;; Return value:  Size  Location     Type
    82 ;;                  2    8[None  ] int 
    83 ;; Registers used:
    84 ;;		wreg, status,2, status,0
    85 ;; Tracked objects:
    86 ;;		On entry : 0/0
    87 ;;		On exit  : 0/0
    88 ;;		Unchanged: 0/0
    89 ;; Data sizes:     COMRAM   BANK0   BANK1   BANK2   BANK3   BANK4   BANK5   BANK6   BANK7   BANK8   BANK9  BANK10  BANK1
      +1  BANK12  BANK13  BANK14  BANK15
    90 ;;      Params:         0       0       0       0       0       0       0       0       0       0       0       0       
      +0       0       0       0       0
    91 ;;      Locals:         0       0       0       0       0       0       0       0       0       0       0       0       
      +0       0       0       0       0
    92 ;;      Temps:          0       0       0       0       0       0       0       0       0       0       0       0       
      +0       0       0       0       0
    93 ;;      Totals:         0       0       0       0       0       0       0       0       0       0       0       0       
      +0       0       0       0       0
    94 ;;Total ram usage:        0 bytes
    95 ;; This function calls:
    96 ;;		Nothing
    97 ;; This function is called by:
    98 ;;		Startup code after reset
    99 ;; This function uses a non-reentrant model
   100 ;;
   101                           
   102                           	psect	text0
   103   00FFF4                     __ptext0:
   104                           	callstack 0
   105   00FFF4                     _main:
   106                           	callstack 31
   107   00FFF4                     
   108                           ;application.c: 17:     TRISC=0x00;
   109   00FFF4  0E00               	movlw	0
   110   00FFF6  6E94               	movwf	148,c	;volatile
   111   00FFF8                     
   112                           ;application.c: 18:     LATC=x;
   113   00FFF8  0E02               	movlw	2
   114   00FFFA  6E8B               	movwf	139,c	;volatile
   115   00FFFC  EF00  F000         	goto	start
   116   010000                     __end_of_main:
   117                           	callstack 0
   118   000000                     
   119                           	psect	rparam
   120   000000                     
   121                           	psect	config
   122                           
   123                           ; Padding undefined space
   124   300000                     	org	3145728
   125   300000  FF                 	db	255
   126                           
   127                           ;Config register CONFIG1H @ 0x300001
   128                           ;	Oscillator Selection bits
   129                           ;	OSC = HS, HS oscillator
   130                           ;	Fail-Safe Clock Monitor Enable bit
   131                           ;	FCMEN = OFF, Fail-Safe Clock Monitor disabled
   132                           ;	Internal/External Oscillator Switchover bit
   133                           ;	IESO = OFF, Oscillator Switchover mode disabled
   134   300001                     	org	3145729
   135   300001  02                 	db	2
   136                           
   137                           ;Config register CONFIG2L @ 0x300002
   138                           ;	Power-up Timer Enable bit
   139                           ;	PWRT = OFF, PWRT disabled
   140                           ;	Brown-out Reset Enable bits
   141                           ;	BOREN = OFF, Brown-out Reset disabled in hardware and software
   142                           ;	Brown Out Reset Voltage bits
   143                           ;	BORV = 1, 
   144   300002                     	org	3145730
   145   300002  09                 	db	9
   146                           
   147                           ;Config register CONFIG2H @ 0x300003
   148                           ;	Watchdog Timer Enable bit
   149                           ;	WDT = OFF, WDT disabled (control is placed on the SWDTEN bit)
   150                           ;	Watchdog Timer Postscale Select bits
   151                           ;	WDTPS = 32768, 1:32768
   152   300003                     	org	3145731
   153   300003  1E                 	db	30
   154                           
   155                           ; Padding undefined space
   156   300004                     	org	3145732
   157   300004  FF                 	db	255
   158                           
   159                           ;Config register CONFIG3H @ 0x300005
   160                           ;	CCP2 MUX bit
   161                           ;	CCP2MX = PORTC, CCP2 input/output is multiplexed with RC1
   162                           ;	PORTB A/D Enable bit
   163                           ;	PBADEN = OFF, PORTB<4:0> pins are configured as digital I/O on Reset
   164                           ;	Low-Power Timer1 Oscillator Enable bit
   165                           ;	LPT1OSC = OFF, Timer1 configured for higher power operation
   166                           ;	MCLR Pin Enable bit
   167                           ;	MCLRE = ON, MCLR pin enabled; RE3 input pin disabled
   168   300005                     	org	3145733
   169   300005  81                 	db	129
   170                           
   171                           ;Config register CONFIG4L @ 0x300006
   172                           ;	Stack Full/Underflow Reset Enable bit
   173                           ;	STVREN = ON, Stack full/underflow will cause Reset
   174                           ;	Single-Supply ICSP Enable bit
   175                           ;	LVP = OFF, Single-Supply ICSP disabled
   176                           ;	Extended Instruction Set Enable bit
   177                           ;	XINST = OFF, Instruction set extension and Indexed Addressing mode disabled (Legacy mo
      +                          de)
   178                           ;	Background Debugger Enable bit
   179                           ;	DEBUG = 0x1, unprogrammed default
   180   300006                     	org	3145734
   181   300006  81                 	db	129
   182                           
   183                           ; Padding undefined space
   184   300007                     	org	3145735
   185   300007  FF                 	db	255
   186                           
   187                           ;Config register CONFIG5L @ 0x300008
   188                           ;	Code Protection bit
   189                           ;	CP0 = OFF, Block 0 (000800-003FFFh) not code-protected
   190                           ;	Code Protection bit
   191                           ;	CP1 = OFF, Block 1 (004000-007FFFh) not code-protected
   192                           ;	Code Protection bit
   193                           ;	CP2 = OFF, Block 2 (008000-00BFFFh) not code-protected
   194                           ;	Code Protection bit
   195                           ;	CP3 = OFF, Block 3 (00C000-00FFFFh) not code-protected
   196   300008                     	org	3145736
   197   300008  0F                 	db	15
   198                           
   199                           ;Config register CONFIG5H @ 0x300009
   200                           ;	Boot Block Code Protection bit
   201                           ;	CPB = OFF, Boot block (000000-0007FFh) not code-protected
   202                           ;	Data EEPROM Code Protection bit
   203                           ;	CPD = OFF, Data EEPROM not code-protected
   204   300009                     	org	3145737
   205   300009  C0                 	db	192
   206                           
   207                           ;Config register CONFIG6L @ 0x30000A
   208                           ;	Write Protection bit
   209                           ;	WRT0 = OFF, Block 0 (000800-003FFFh) not write-protected
   210                           ;	Write Protection bit
   211                           ;	WRT1 = OFF, Block 1 (004000-007FFFh) not write-protected
   212                           ;	Write Protection bit
   213                           ;	WRT2 = OFF, Block 2 (008000-00BFFFh) not write-protected
   214                           ;	Write Protection bit
   215                           ;	WRT3 = OFF, Block 3 (00C000-00FFFFh) not write-protected
   216   30000A                     	org	3145738
   217   30000A  0F                 	db	15
   218                           
   219                           ;Config register CONFIG6H @ 0x30000B
   220                           ;	Configuration Register Write Protection bit
   221                           ;	WRTC = OFF, Configuration registers (300000-3000FFh) not write-protected
   222                           ;	Boot Block Write Protection bit
   223                           ;	WRTB = OFF, Boot Block (000000-0007FFh) not write-protected
   224                           ;	Data EEPROM Write Protection bit
   225                           ;	WRTD = OFF, Data EEPROM not write-protected
   226   30000B                     	org	3145739
   227   30000B  E0                 	db	224
   228                           
   229                           ;Config register CONFIG7L @ 0x30000C
   230                           ;	Table Read Protection bit
   231                           ;	EBTR0 = OFF, Block 0 (000800-003FFFh) not protected from table reads executed in other
      +                           blocks
   232                           ;	Table Read Protection bit
   233                           ;	EBTR1 = OFF, Block 1 (004000-007FFFh) not protected from table reads executed in other
      +                           blocks
   234                           ;	Table Read Protection bit
   235                           ;	EBTR2 = OFF, Block 2 (008000-00BFFFh) not protected from table reads executed in other
      +                           blocks
   236                           ;	Table Read Protection bit
   237                           ;	EBTR3 = OFF, Block 3 (00C000-00FFFFh) not protected from table reads executed in other
      +                           blocks
   238   30000C                     	org	3145740
   239   30000C  0F                 	db	15
   240                           
   241                           ;Config register CONFIG7H @ 0x30000D
   242                           ;	Boot Block Table Read Protection bit
   243                           ;	EBTRB = OFF, Boot Block (000000-0007FFh) not protected from table reads executed in ot
      +                          her blocks
   244   30000D                     	org	3145741
   245   30000D  40                 	db	64
   246                           tosu	equ	0xFFF
   247                           tosh	equ	0xFFE
   248                           tosl	equ	0xFFD
   249                           stkptr	equ	0xFFC
   250                           pclatu	equ	0xFFB
   251                           pclath	equ	0xFFA
   252                           pcl	equ	0xFF9
   253                           tblptru	equ	0xFF8
   254                           tblptrh	equ	0xFF7
   255                           tblptrl	equ	0xFF6
   256                           tablat	equ	0xFF5
   257                           prodh	equ	0xFF4
   258                           prodl	equ	0xFF3
   259                           indf0	equ	0xFEF
   260                           postinc0	equ	0xFEE
   261                           postdec0	equ	0xFED
   262                           preinc0	equ	0xFEC
   263                           plusw0	equ	0xFEB
   264                           fsr0h	equ	0xFEA
   265                           fsr0l	equ	0xFE9
   266                           wreg	equ	0xFE8
   267                           indf1	equ	0xFE7
   268                           postinc1	equ	0xFE6
   269                           postdec1	equ	0xFE5
   270                           preinc1	equ	0xFE4
   271                           plusw1	equ	0xFE3
   272                           fsr1h	equ	0xFE2
   273                           fsr1l	equ	0xFE1
   274                           bsr	equ	0xFE0
   275                           indf2	equ	0xFDF
   276                           postinc2	equ	0xFDE
   277                           postdec2	equ	0xFDD
   278                           preinc2	equ	0xFDC
   279                           plusw2	equ	0xFDB
   280                           fsr2h	equ	0xFDA
   281                           fsr2l	equ	0xFD9
   282                           status	equ	0xFD8

Data Sizes:
    Strings     0
    Constant    0
    Data        0
    BSS         0
    Persistent  0
    Stack       0

Auto Spaces:
    Space          Size  Autos    Used
    COMRAM          127      0       0
    BANK0           128      0       0
    BANK1           256      0       0
    BANK2           256      0       0
    BANK3           256      0       0
    BANK4           256      0       0
    BANK5           256      0       0
    BANK6           256      0       0
    BANK7           256      0       0
    BANK8           256      0       0
    BANK9           256      0       0
    BANK10          256      0       0
    BANK11          256      0       0
    BANK12          256      0       0
    BANK13          256      0       0
    BANK14          256      0       0
    BANK15          128      0       0

Pointer List with Targets:

    None.

Critical Paths under _main in COMRAM

    None.

Critical Paths under _main in BANK0

    None.

Critical Paths under _main in BANK1

    None.

Critical Paths under _main in BANK2

    None.

Critical Paths under _main in BANK3

    None.

Critical Paths under _main in BANK4

    None.

Critical Paths under _main in BANK5

    None.

Critical Paths under _main in BANK6

    None.

Critical Paths under _main in BANK7

    None.

Critical Paths under _main in BANK8

    None.

Critical Paths under _main in BANK9

    None.

Critical Paths under _main in BANK10

    None.

Critical Paths under _main in BANK11

    None.

Critical Paths under _main in BANK12

    None.

Critical Paths under _main in BANK13

    None.

Critical Paths under _main in BANK14

    None.

Critical Paths under _main in BANK15

    None.

Call Graph Tables:

 ---------------------------------------------------------------------------------
 (Depth) Function   	        Calls       Base Space   Used Autos Params    Refs
 ---------------------------------------------------------------------------------
 (0) _main                                                 4     4      0      30
 ---------------------------------------------------------------------------------
 Estimated maximum stack depth 0
 ---------------------------------------------------------------------------------

 Call Graph Graphs:

 _main (ROOT)

 Address spaces:
Name               Size   Autos  Total    Cost      Usage
BITCOMRAM           7F      0       0       0        0.0%
EEDATA             400      0       0       0        0.0%
NULL                 0      0       0       0        0.0%
CODE                 0      0       0       0        0.0%
COMRAM              7F      0       0       1        0.0%
STACK                0      0       0       2        0.0%
DATA                 0      0       0       3        0.0%
BITBANK0            80      0       0       4        0.0%
BANK0               80      0       0       5        0.0%
BITBANK1           100      0       0       6        0.0%
BANK1              100      0       0       7        0.0%
BITBANK2           100      0       0       8        0.0%
BANK2              100      0       0       9        0.0%
BITBANK3           100      0       0      10        0.0%
BANK3              100      0       0      11        0.0%
BITBANK4           100      0       0      12        0.0%
BANK4              100      0       0      13        0.0%
BITBANK5           100      0       0      14        0.0%
BANK5              100      0       0      15        0.0%
BITBANK6           100      0       0      16        0.0%
BANK6              100      0       0      17        0.0%
BITBANK7           100      0       0      18        0.0%
BANK7              100      0       0      19        0.0%
BITBANK8           100      0       0      20        0.0%
BANK8              100      0       0      21        0.0%
BITBANK9           100      0       0      22        0.0%
BANK9              100      0       0      23        0.0%
BITBANK10          100      0       0      24        0.0%
BANK10             100      0       0      25        0.0%
BITBANK11          100      0       0      26        0.0%
BANK11             100      0       0      27        0.0%
BITBANK12          100      0       0      28        0.0%
BANK12             100      0       0      29        0.0%
BITBANK13          100      0       0      30        0.0%
BANK13             100      0       0      31        0.0%
BITBANK14          100      0       0      32        0.0%
BANK14             100      0       0      33        0.0%
BITBANK15           80      0       0      34        0.0%
BANK15              80      0       0      35        0.0%
BITBIGSFRh          6B      0       0      36        0.0%
BITBIGSFRlh          8      0       0      37        0.0%
BITBIGSFRll          B      0       0      38        0.0%
ABS                  0      0       0      39        0.0%
BIGRAM             F7F      0       0      40        0.0%
BIGSFR               0      0       0     200        0.0%
BITSFR               0      0       0     200        0.0%
SFR                  0      0       0     200        0.0%


Microchip Technology PIC18 Macro Assembler V2.41 build 20230208172133 
Symbol Table                                                                                   Tue Aug 15 19:24:54 2023

                      l9 FFFC                      l691 FFF8                      l685 FFF4  
                    l687 FFF4                      l689 FFF4                     _LATC 0F8B  
                   _main FFF4                     start 0000             ___param_bank 0000  
                  ?_main 0000                    _TRISC 0F94          __initialization FFEE  
           __end_of_main 0000                   ??_main 0000            __activetblptr 0000  
                 isa$std 0001               __accesstop 0080  __end_of__initialization FFEE  
          ___rparam_used 0001           __pcstackCOMRAM 0000                  __Hparam 0000  
                __Lparam 0000                  __pcinit FFEE                  __ramtop 1000  
                __ptext0 FFF4     end_of_initialization FFEE      start_initialization FFEE  
               __Hrparam 0000                 __Lrparam 0000                 isa$xinst 0000  
