

Microchip MPLAB XC8 Assembler V2.41 build 20230208172133 
                                                                                               Thu Aug 17 21:12:27 2023

Microchip MPLAB XC8 C Compiler v2.41 (Free license) build 20230208172133 Og1 
     1                           	processor	18F4620
     2                           	fnconf	rparam,??,?,0
     3                           	pagewidth 120
     4                           	opt	flic
     5                           	psect	idataCOMRAM,global,class=CODE,delta=1,noexec
     6                           	psect	nvCOMRAM,global,class=COMRAM,space=1,delta=1,lowdata,noexec
     7                           	psect	cinit,global,reloc=2,class=CODE,delta=1
     8                           	psect	bssCOMRAM,global,class=COMRAM,space=1,delta=1,lowdata,noexec
     9                           	psect	dataCOMRAM,global,class=COMRAM,space=1,delta=1,lowdata,noexec
    10                           	psect	cstackCOMRAM,global,class=COMRAM,space=1,delta=1,lowdata,noexec
    11                           	psect	text0,global,reloc=2,class=CODE,delta=1
    12                           	psect	text1,global,reloc=2,class=CODE,delta=1
    13                           	psect	text2,global,reloc=2,class=CODE,delta=1
    14                           	psect	text3,global,reloc=2,class=CODE,delta=1
    15                           	psect	text4,global,reloc=2,class=CODE,delta=1
    16                           	psect	text5,global,reloc=2,class=CODE,delta=1
    17                           	psect	text6,global,reloc=2,class=CODE,delta=1
    18                           	psect	intsave_regs,global,class=BIGRAM,space=1,delta=1,noexec
    19                           	psect	rparam,global,class=COMRAM,space=1,delta=1,noexec
    20                           	psect	config,global,abs,ovrld,class=CONFIG,space=4,delta=1,noexec
    21   000000                     
    22                           ; Generated 23/03/2023 GMT
    23                           ; 
    24                           ; Copyright © 2023, Microchip Technology Inc. and its subsidiaries ("Microchip")
    25                           ; All rights reserved.
    26                           ; 
    27                           ; This software is developed by Microchip Technology Inc. and its subsidiaries ("Microch
      +                          ip").
    28                           ; 
    29                           ; Redistribution and use in source and binary forms, with or without modification, are
    30                           ; permitted provided that the following conditions are met:
    31                           ; 
    32                           ;     1. Redistributions of source code must retain the above copyright notice, this lis
      +                          t of
    33                           ;        conditions and the following disclaimer.
    34                           ; 
    35                           ;     2. Redistributions in binary form must reproduce the above copyright notice, this 
      +                          list
    36                           ;        of conditions and the following disclaimer in the documentation and/or other
    37                           ;        materials provided with the distribution. Publication is not required when
    38                           ;        this file is used in an embedded application.
    39                           ; 
    40                           ;     3. Microchip's name may not be used to endorse or promote products derived from th
      +                          is
    41                           ;        software without specific prior written permission.
    42                           ; 
    43                           ; THIS SOFTWARE IS PROVIDED BY MICROCHIP "AS IS" AND ANY EXPRESS OR IMPLIED WARRANTIES,
    44                           ; INCLUDING, BUT NOT LIMITED TO, THE IMPLIED WARRANTIES OF MERCHANTABILITY AND FITNESS F
      +                          OR
    45                           ; PURPOSE ARE DISCLAIMED.  IN NO EVENT SHALL MICROCHIP BE LIABLE FOR ANY DIRECT, INDIREC
      +                          T,
    46                           ; INCIDENTAL, SPECIAL, EXEMPLARY, OR CONSEQUENTIAL DAMAGES (INCLUDING BUT NOT LIMITED TO
    47                           ; PROCUREMENT OF SUBSTITUTE GOODS OR SERVICES; LOSS OF USE, DATA OR PROFITS; OR BUSINESS
    48                           ; INTERRUPTION) HOWSOEVER CAUSED AND ON ANY THEORY OF LIABILITY, WHETHER IN CONTRACT, ST
      +                          RICT
    49                           ; LIABILITY, OR TORT (INCLUDING NEGLIGENCE OR OTHERWISE) ARISING IN ANY WAY OUT OF THE U
      +                          SE OF
    50                           ; THIS SOFTWARE, EVEN IF ADVISED OF THE POSSIBILITY OF SUCH DAMAGE.
    51                           ; 
    52                           ; 
    53                           ; Code-generator required, PIC18F4620 Definitions
    54                           ; 
    55                           ; SFR Addresses
    56   000000                     
    57                           	psect	idataCOMRAM
    58   00FDB6                     __pidataCOMRAM:
    59                           	callstack 0
    60                           
    61                           ;initializer for _port_registers
    62   00FDB6  80                 	db	128
    63   00FDB7  0F                 	db	15
    64   00FDB8  81                 	db	129
    65   00FDB9  0F                 	db	15
    66   00FDBA  82                 	db	130
    67   00FDBB  0F                 	db	15
    68   00FDBC  83                 	db	131
    69   00FDBD  0F                 	db	15
    70   00FDBE  84                 	db	132
    71   00FDBF  0F                 	db	15
    72                           
    73                           ;initializer for _lat_registers
    74   00FDC0  89                 	db	137
    75   00FDC1  0F                 	db	15
    76   00FDC2  8A                 	db	138
    77   00FDC3  0F                 	db	15
    78   00FDC4  8B                 	db	139
    79   00FDC5  0F                 	db	15
    80   00FDC6  8C                 	db	140
    81   00FDC7  0F                 	db	15
    82   00FDC8  8D                 	db	141
    83   00FDC9  0F                 	db	15
    84                           
    85                           ;initializer for _tris_registers
    86   00FDCA  92                 	db	146
    87   00FDCB  0F                 	db	15
    88   00FDCC  93                 	db	147
    89   00FDCD  0F                 	db	15
    90   00FDCE  94                 	db	148
    91   00FDCF  0F                 	db	15
    92   00FDD0  95                 	db	149
    93   00FDD1  0F                 	db	15
    94   00FDD2  96                 	db	150
    95   00FDD3  0F                 	db	15
    96                           
    97                           ;initializer for _btn_1
    98   00FDD4  43                 	db	67
    99                           
   100                           ;initializer for _led3
   101   00FDD5  92                 	db	146
   102                           
   103                           ;initializer for _led2
   104   00FDD6  8A                 	db	138
   105                           
   106                           ;initializer for _led1
   107   00FDD7  82                 	db	130
   108                           
   109                           	psect	nvCOMRAM
   110   00002F                     __pnvCOMRAM:
   111                           	callstack 0
   112   00002F                     _ret:
   113                           	callstack 0
   114   00002F                     	ds	1
   115                           
   116                           ; #config settings
   117                           
   118                           	psect	cinit
   119   00FE02                     __pcinit:
   120                           	callstack 0
   121   00FE02                     start_initialization:
   122                           	callstack 0
   123   00FE02                     __initialization:
   124                           	callstack 0
   125                           
   126                           ; Initialize objects allocated to COMRAM (34 bytes)
   127                           ; load TBLPTR registers with __pidataCOMRAM
   128   00FE02  0EB6               	movlw	low __pidataCOMRAM
   129   00FE04  6EF6               	movwf	tblptrl,c
   130   00FE06  0EFD               	movlw	high __pidataCOMRAM
   131   00FE08  6EF7               	movwf	tblptrh,c
   132   00FE0A  0E00               	movlw	low (__pidataCOMRAM shr (0+16))
   133   00FE0C  6EF8               	movwf	tblptru,c
   134   00FE0E  EE00  F001         	lfsr	0,__pdataCOMRAM
   135   00FE12  EE10 F022          	lfsr	1,34
   136   00FE16                     copy_data0:
   137   00FE16  0009               	tblrd		*+
   138   00FE18  CFF5 FFEE          	movff	tablat,postinc0
   139   00FE1C  50E5               	movf	postdec1,w,c
   140   00FE1E  50E1               	movf	fsr1l,w,c
   141   00FE20  E1FA               	bnz	copy_data0
   142                           
   143                           ; Clear objects allocated to COMRAM (4 bytes)
   144   00FE22  6A2E               	clrf	(__pbssCOMRAM+3)& (0+255),c
   145   00FE24  6A2D               	clrf	(__pbssCOMRAM+2)& (0+255),c
   146   00FE26  6A2C               	clrf	(__pbssCOMRAM+1)& (0+255),c
   147   00FE28  6A2B               	clrf	__pbssCOMRAM& (0+255),c
   148   00FE2A                     end_of_initialization:
   149                           	callstack 0
   150   00FE2A                     __end_of__initialization:
   151                           	callstack 0
   152   00FE2A  0E00               	movlw	low (__Lmediumconst shr (0+16))
   153   00FE2C  6EF8               	movwf	tblptru,c
   154   00FE2E  0100               	movlb	0
   155   00FE30  EFEC  F07E         	goto	_main	;jump to C main() function
   156                           
   157                           	psect	bssCOMRAM
   158   00002B                     __pbssCOMRAM:
   159                           	callstack 0
   160   00002B                     _btn1_st:
   161                           	callstack 0
   162   00002B                     	ds	1
   163   00002C                     _led1_st:
   164                           	callstack 0
   165   00002C                     	ds	1
   166   00002D                     _port_log:
   167                           	callstack 0
   168   00002D                     	ds	1
   169   00002E                     _port_dir:
   170                           	callstack 0
   171   00002E                     	ds	1
   172                           
   173                           	psect	dataCOMRAM
   174   000001                     __pdataCOMRAM:
   175                           	callstack 0
   176   000001                     _port_registers:
   177                           	callstack 0
   178   000001                     	ds	10
   179   00000B                     _lat_registers:
   180                           	callstack 0
   181   00000B                     	ds	10
   182   000015                     _tris_registers:
   183                           	callstack 0
   184   000015                     	ds	10
   185   00001F                     _btn_1:
   186                           	callstack 0
   187   00001F                     	ds	1
   188   000020                     _led3:
   189                           	callstack 0
   190   000020                     	ds	1
   191   000021                     _led2:
   192                           	callstack 0
   193   000021                     	ds	1
   194   000022                     _led1:
   195                           	callstack 0
   196   000022                     	ds	1
   197                           
   198                           	psect	cstackCOMRAM
   199   000023                     __pcstackCOMRAM:
   200                           	callstack 0
   201   000023                     ??_gpio_port_toggle_logic:
   202   000023                     gpio_port_direction_initialize@direction:
   203                           	callstack 0
   204   000023                     gpio_port_write_logic@logic:
   205                           	callstack 0
   206   000023                     gpio_port_get_direction_status@direction_status:
   207                           	callstack 0
   208   000023                     gpio_port_read_logic@logic:
   209                           	callstack 0
   210                           
   211                           ; 2 bytes @ 0x0
   212   000023                     	ds	1
   213   000024                     ??_gpio_port_direction_initialize:
   214   000024                     ??_gpio_port_write_logic:
   215                           
   216                           ; 1 bytes @ 0x1
   217   000024                     	ds	1
   218   000025                     ??_gpio_port_get_direction_status:
   219   000025                     ??_gpio_port_read_logic:
   220   000025                     gpio_port_toggle_logic@ret:
   221                           	callstack 0
   222                           
   223                           ; 1 bytes @ 0x2
   224   000025                     	ds	1
   225   000026                     gpio_port_direction_initialize@ret:
   226                           	callstack 0
   227   000026                     gpio_port_write_logic@ret:
   228                           	callstack 0
   229   000026                     gpio_port_toggle_logic@port:
   230                           	callstack 0
   231                           
   232                           ; 1 bytes @ 0x3
   233   000026                     	ds	1
   234   000027                     gpio_port_direction_initialize@port:
   235                           	callstack 0
   236   000027                     gpio_port_get_direction_status@ret:
   237                           	callstack 0
   238   000027                     gpio_port_write_logic@port:
   239                           	callstack 0
   240   000027                     gpio_port_read_logic@ret:
   241                           	callstack 0
   242                           
   243                           ; 1 bytes @ 0x4
   244   000027                     	ds	1
   245   000028                     gpio_port_get_direction_status@port:
   246                           	callstack 0
   247   000028                     gpio_port_read_logic@port:
   248                           	callstack 0
   249                           
   250                           ; 1 bytes @ 0x5
   251   000028                     	ds	1
   252   000029                     ??_main:
   253                           
   254                           ; 1 bytes @ 0x6
   255   000029                     	ds	2
   256                           
   257 ;;
   258 ;;Main: autosize = 0, tempsize = 2, incstack = 0, save=0
   259 ;;
   260 ;; *************** function _main *****************
   261 ;; Defined at:
   262 ;;		line 43 in file "application.c"
   263 ;; Parameters:    Size  Location     Type
   264 ;;		None
   265 ;; Auto vars:     Size  Location     Type
   266 ;;		None
   267 ;; Return value:  Size  Location     Type
   268 ;;                  2  127[None  ] int 
   269 ;; Registers used:
   270 ;;		wreg, fsr1l, fsr1h, fsr2l, fsr2h, status,2, status,0, prodl, prodh, cstack
   271 ;; Tracked objects:
   272 ;;		On entry : 0/0
   273 ;;		On exit  : 0/0
   274 ;;		Unchanged: 0/0
   275 ;; Data sizes:     COMRAM   BANK0   BANK1   BANK2   BANK3   BANK4   BANK5   BANK6   BANK7   BANK8   BANK9  BANK10  BANK1
      +1  BANK12  BANK13  BANK14  BANK15
   276 ;;      Params:         0       0       0       0       0       0       0       0       0       0       0       0       
      +0       0       0       0       0
   277 ;;      Locals:         0       0       0       0       0       0       0       0       0       0       0       0       
      +0       0       0       0       0
   278 ;;      Temps:          2       0       0       0       0       0       0       0       0       0       0       0       
      +0       0       0       0       0
   279 ;;      Totals:         2       0       0       0       0       0       0       0       0       0       0       0       
      +0       0       0       0       0
   280 ;;Total ram usage:        2 bytes
   281 ;; Hardware stack levels required when called: 2
   282 ;; This function calls:
   283 ;;		_application_initialize
   284 ;;		_gpio_port_toggle_logic
   285 ;; This function is called by:
   286 ;;		Startup code after reset
   287 ;; This function uses a non-reentrant model
   288 ;;
   289                           
   290                           	psect	text0
   291   00FDD8                     __ptext0:
   292                           	callstack 0
   293   00FDD8                     _main:
   294                           	callstack 29
   295   00FDD8                     
   296                           ;application.c: 44:     application_initialize();
   297   00FDD8  EC1A  F07F         	call	_application_initialize	;wreg free
   298   00FDDC                     l1058:
   299                           
   300                           ;application.c: 46:         ret=gpio_port_toggle_logic(PORTC_INDEX);
   301   00FDDC  0E02               	movlw	2
   302   00FDDE  EC7D  F07F         	call	_gpio_port_toggle_logic
   303   00FDE2  6E2F               	movwf	_ret^0,c
   304   00FDE4                     
   305                           ;application.c: 47:         _delay((unsigned long)((500)*(4000000/4000.0)));
   306   00FDE4  0E03               	movlw	3
   307   00FDE6  6E2A               	movwf	(??_main+1)^0,c
   308   00FDE8  0E8A               	movlw	138
   309   00FDEA  6E29               	movwf	??_main^0,c
   310   00FDEC  0E56               	movlw	86
   311   00FDEE                     u437:
   312   00FDEE  2EE8               	decfsz	wreg,f,c
   313   00FDF0  D7FE               	bra	u437
   314   00FDF2  2E29               	decfsz	??_main^0,f,c
   315   00FDF4  D7FC               	bra	u437
   316   00FDF6  2E2A               	decfsz	(??_main+1)^0,f,c
   317   00FDF8  D7FA               	bra	u437
   318   00FDFA  EFEE  F07E         	goto	l1058
   319   00FDFE  EF00  F000         	goto	start
   320   00FE02                     __end_of_main:
   321                           	callstack 0
   322                           
   323 ;; *************** function _gpio_port_toggle_logic *****************
   324 ;; Defined at:
   325 ;;		line 242 in file "MCAL_Layer/GPIO/hal_gpio.c"
   326 ;; Parameters:    Size  Location     Type
   327 ;;  port            1    wreg     enum E2819
   328 ;; Auto vars:     Size  Location     Type
   329 ;;  port            1    3[COMRAM] enum E2819
   330 ;;  ret             1    2[COMRAM] unsigned char 
   331 ;; Return value:  Size  Location     Type
   332 ;;                  1    wreg      unsigned char 
   333 ;; Registers used:
   334 ;;		wreg, fsr2l, fsr2h, status,2, status,0, prodl, prodh
   335 ;; Tracked objects:
   336 ;;		On entry : 0/0
   337 ;;		On exit  : 0/0
   338 ;;		Unchanged: 0/0
   339 ;; Data sizes:     COMRAM   BANK0   BANK1   BANK2   BANK3   BANK4   BANK5   BANK6   BANK7   BANK8   BANK9  BANK10  BANK1
      +1  BANK12  BANK13  BANK14  BANK15
   340 ;;      Params:         0       0       0       0       0       0       0       0       0       0       0       0       
      +0       0       0       0       0
   341 ;;      Locals:         2       0       0       0       0       0       0       0       0       0       0       0       
      +0       0       0       0       0
   342 ;;      Temps:          2       0       0       0       0       0       0       0       0       0       0       0       
      +0       0       0       0       0
   343 ;;      Totals:         4       0       0       0       0       0       0       0       0       0       0       0       
      +0       0       0       0       0
   344 ;;Total ram usage:        4 bytes
   345 ;; Hardware stack levels used: 1
   346 ;; This function calls:
   347 ;;		Nothing
   348 ;; This function is called by:
   349 ;;		_main
   350 ;; This function uses a non-reentrant model
   351 ;;
   352                           
   353                           	psect	text1
   354   00FEFA                     __ptext1:
   355                           	callstack 0
   356   00FEFA                     _gpio_port_toggle_logic:
   357                           	callstack 30
   358                           
   359                           ;incstack = 0
   360                           ;gpio_port_toggle_logic@port stored from wreg
   361   00FEFA  6E26               	movwf	gpio_port_toggle_logic@port^0,c
   362   00FEFC                     
   363                           ;MCAL_Layer/GPIO/hal_gpio.c: 243:       Std_ReturnType ret=(Std_ReturnType)0x01;
   364   00FEFC  0E01               	movlw	1
   365   00FEFE  6E25               	movwf	gpio_port_toggle_logic@ret^0,c
   366   00FF00                     
   367                           ;MCAL_Layer/GPIO/hal_gpio.c: 244:     if(port>5 -1){
   368   00FF00  0E04               	movlw	4
   369   00FF02  6426               	cpfsgt	gpio_port_toggle_logic@port^0,c
   370   00FF04  EF86  F07F         	goto	u71
   371   00FF08  EF88  F07F         	goto	u70
   372   00FF0C                     u71:
   373   00FF0C  EF8C  F07F         	goto	l868
   374   00FF10                     u70:
   375   00FF10                     
   376                           ;MCAL_Layer/GPIO/hal_gpio.c: 245:         ret=(Std_ReturnType)0x00;
   377   00FF10  0E00               	movlw	0
   378   00FF12  6E25               	movwf	gpio_port_toggle_logic@ret^0,c
   379                           
   380                           ;MCAL_Layer/GPIO/hal_gpio.c: 246:     }
   381   00FF14  EF9E  F07F         	goto	l870
   382   00FF18                     l868:
   383                           
   384                           ;MCAL_Layer/GPIO/hal_gpio.c: 248:         *lat_registers[port]^=0XFF;
   385   00FF18  5026               	movf	gpio_port_toggle_logic@port^0,w,c
   386   00FF1A  0D02               	mullw	2
   387   00FF1C  0E0B               	movlw	low _lat_registers
   388   00FF1E  24F3               	addwf	243,w,c
   389   00FF20  6ED9               	movwf	fsr2l,c
   390   00FF22  0E00               	movlw	high _lat_registers
   391   00FF24  20F4               	addwfc	prodh,w,c
   392   00FF26  6EDA               	movwf	fsr2h,c
   393   00FF28  CFDE F023          	movff	postinc2,??_gpio_port_toggle_logic
   394   00FF2C  CFDD F024          	movff	postdec2,??_gpio_port_toggle_logic+1
   395   00FF30  C023  FFD9         	movff	??_gpio_port_toggle_logic,fsr2l
   396   00FF34  C024  FFDA         	movff	??_gpio_port_toggle_logic+1,fsr2h
   397   00FF38  0EFF               	movlw	255
   398   00FF3A  1ADF               	xorwf	indf2,f,c
   399   00FF3C                     l870:
   400                           
   401                           ;MCAL_Layer/GPIO/hal_gpio.c: 251:     return ret;
   402   00FF3C  5025               	movf	gpio_port_toggle_logic@ret^0,w,c
   403   00FF3E  0012               	return		;funcret
   404   00FF40                     __end_of_gpio_port_toggle_logic:
   405                           	callstack 0
   406                           
   407 ;; *************** function _application_initialize *****************
   408 ;; Defined at:
   409 ;;		line 51 in file "application.c"
   410 ;; Parameters:    Size  Location     Type
   411 ;;		None
   412 ;; Auto vars:     Size  Location     Type
   413 ;;		None
   414 ;; Return value:  Size  Location     Type
   415 ;;                  1    wreg      void 
   416 ;; Registers used:
   417 ;;		wreg, fsr1l, fsr1h, fsr2l, fsr2h, status,2, status,0, prodl, prodh, cstack
   418 ;; Tracked objects:
   419 ;;		On entry : 0/0
   420 ;;		On exit  : 0/0
   421 ;;		Unchanged: 0/0
   422 ;; Data sizes:     COMRAM   BANK0   BANK1   BANK2   BANK3   BANK4   BANK5   BANK6   BANK7   BANK8   BANK9  BANK10  BANK1
      +1  BANK12  BANK13  BANK14  BANK15
   423 ;;      Params:         0       0       0       0       0       0       0       0       0       0       0       0       
      +0       0       0       0       0
   424 ;;      Locals:         0       0       0       0       0       0       0       0       0       0       0       0       
      +0       0       0       0       0
   425 ;;      Temps:          0       0       0       0       0       0       0       0       0       0       0       0       
      +0       0       0       0       0
   426 ;;      Totals:         0       0       0       0       0       0       0       0       0       0       0       0       
      +0       0       0       0       0
   427 ;;Total ram usage:        0 bytes
   428 ;; Hardware stack levels used: 1
   429 ;; Hardware stack levels required when called: 1
   430 ;; This function calls:
   431 ;;		_gpio_port_direction_initialize
   432 ;;		_gpio_port_get_direction_status
   433 ;;		_gpio_port_read_logic
   434 ;;		_gpio_port_write_logic
   435 ;; This function is called by:
   436 ;;		_main
   437 ;; This function uses a non-reentrant model
   438 ;;
   439                           
   440                           	psect	text2
   441   00FE34                     __ptext2:
   442                           	callstack 0
   443   00FE34                     _application_initialize:
   444                           	callstack 29
   445   00FE34                     
   446                           ;application.c: 52:   ret=gpio_port_direction_initialize(PORTC_INDEX,0x55);
   447   00FE34  0E55               	movlw	85
   448   00FE36  6E23               	movwf	gpio_port_direction_initialize@direction^0,c
   449   00FE38  0E02               	movlw	2
   450   00FE3A  EC37  F07F         	call	_gpio_port_direction_initialize
   451   00FE3E  6E2F               	movwf	_ret^0,c
   452   00FE40                     
   453                           ;application.c: 53:   ret=gpio_port_get_direction_status(PORTC_INDEX,&port_dir);
   454   00FE40  0E2E               	movlw	low _port_dir
   455   00FE42  6E23               	movwf	gpio_port_get_direction_status@direction_status^0,c
   456   00FE44  0E00               	movlw	high _port_dir
   457   00FE46  6E24               	movwf	(gpio_port_get_direction_status@direction_status+1)^0,c
   458   00FE48  0E02               	movlw	2
   459   00FE4A  ECA0  F07F         	call	_gpio_port_get_direction_status
   460   00FE4E  6E2F               	movwf	_ret^0,c
   461   00FE50                     
   462                           ;application.c: 54:   ret=gpio_port_write_logic(PORTC_INDEX,0xff);
   463   00FE50  0EFF               	movlw	255
   464   00FE52  6E23               	movwf	gpio_port_write_logic@logic^0,c
   465   00FE54  0E02               	movlw	2
   466   00FE56  EC5A  F07F         	call	_gpio_port_write_logic
   467   00FE5A  6E2F               	movwf	_ret^0,c
   468                           
   469                           ;application.c: 55:   ret=gpio_port_read_logic(PORTC_INDEX,&port_log);
   470   00FE5C  0E2D               	movlw	low _port_log
   471   00FE5E  6E23               	movwf	gpio_port_read_logic@logic^0,c
   472   00FE60  0E00               	movlw	high _port_log
   473   00FE62  6E24               	movwf	(gpio_port_read_logic@logic+1)^0,c
   474   00FE64  0E02               	movlw	2
   475   00FE66  ECD0  F07F         	call	_gpio_port_read_logic
   476   00FE6A  6E2F               	movwf	_ret^0,c
   477   00FE6C  0012               	return		;funcret
   478   00FE6E                     __end_of_application_initialize:
   479                           	callstack 0
   480                           
   481 ;; *************** function _gpio_port_write_logic *****************
   482 ;; Defined at:
   483 ;;		line 202 in file "MCAL_Layer/GPIO/hal_gpio.c"
   484 ;; Parameters:    Size  Location     Type
   485 ;;  port            1    wreg     enum E2819
   486 ;;  logic           1    0[COMRAM] unsigned char 
   487 ;; Auto vars:     Size  Location     Type
   488 ;;  port            1    4[COMRAM] enum E2819
   489 ;;  ret             1    3[COMRAM] unsigned char 
   490 ;; Return value:  Size  Location     Type
   491 ;;                  1    wreg      unsigned char 
   492 ;; Registers used:
   493 ;;		wreg, fsr2l, fsr2h, status,2, status,0, prodl, prodh
   494 ;; Tracked objects:
   495 ;;		On entry : 0/0
   496 ;;		On exit  : 0/0
   497 ;;		Unchanged: 0/0
   498 ;; Data sizes:     COMRAM   BANK0   BANK1   BANK2   BANK3   BANK4   BANK5   BANK6   BANK7   BANK8   BANK9  BANK10  BANK1
      +1  BANK12  BANK13  BANK14  BANK15
   499 ;;      Params:         1       0       0       0       0       0       0       0       0       0       0       0       
      +0       0       0       0       0
   500 ;;      Locals:         2       0       0       0       0       0       0       0       0       0       0       0       
      +0       0       0       0       0
   501 ;;      Temps:          2       0       0       0       0       0       0       0       0       0       0       0       
      +0       0       0       0       0
   502 ;;      Totals:         5       0       0       0       0       0       0       0       0       0       0       0       
      +0       0       0       0       0
   503 ;;Total ram usage:        5 bytes
   504 ;; Hardware stack levels used: 1
   505 ;; This function calls:
   506 ;;		Nothing
   507 ;; This function is called by:
   508 ;;		_application_initialize
   509 ;; This function uses a non-reentrant model
   510 ;;
   511                           
   512                           	psect	text3
   513   00FEB4                     __ptext3:
   514                           	callstack 0
   515   00FEB4                     _gpio_port_write_logic:
   516                           	callstack 29
   517                           
   518                           ;incstack = 0
   519                           ;gpio_port_write_logic@port stored from wreg
   520   00FEB4  6E27               	movwf	gpio_port_write_logic@port^0,c
   521   00FEB6                     
   522                           ;MCAL_Layer/GPIO/hal_gpio.c: 203:       Std_ReturnType ret=(Std_ReturnType)0x01;
   523   00FEB6  0E01               	movlw	1
   524   00FEB8  6E26               	movwf	gpio_port_write_logic@ret^0,c
   525   00FEBA                     
   526                           ;MCAL_Layer/GPIO/hal_gpio.c: 204:     if((port>5 -1)){
   527   00FEBA  0E04               	movlw	4
   528   00FEBC  6427               	cpfsgt	gpio_port_write_logic@port^0,c
   529   00FEBE  EF63  F07F         	goto	u401
   530   00FEC2  EF65  F07F         	goto	u400
   531   00FEC6                     u401:
   532   00FEC6  EF69  F07F         	goto	l1030
   533   00FECA                     u400:
   534   00FECA                     
   535                           ;MCAL_Layer/GPIO/hal_gpio.c: 205:         ret=(Std_ReturnType)0x00;
   536   00FECA  0E00               	movlw	0
   537   00FECC  6E26               	movwf	gpio_port_write_logic@ret^0,c
   538                           
   539                           ;MCAL_Layer/GPIO/hal_gpio.c: 206:     }
   540   00FECE  EF7B  F07F         	goto	l1032
   541   00FED2                     l1030:
   542                           
   543                           ;MCAL_Layer/GPIO/hal_gpio.c: 208:         *lat_registers[port]=logic;
   544   00FED2  5027               	movf	gpio_port_write_logic@port^0,w,c
   545   00FED4  0D02               	mullw	2
   546   00FED6  0E0B               	movlw	low _lat_registers
   547   00FED8  24F3               	addwf	243,w,c
   548   00FEDA  6ED9               	movwf	fsr2l,c
   549   00FEDC  0E00               	movlw	high _lat_registers
   550   00FEDE  20F4               	addwfc	prodh,w,c
   551   00FEE0  6EDA               	movwf	fsr2h,c
   552   00FEE2  CFDE F024          	movff	postinc2,??_gpio_port_write_logic
   553   00FEE6  CFDD F025          	movff	postdec2,??_gpio_port_write_logic+1
   554   00FEEA  C024  FFD9         	movff	??_gpio_port_write_logic,fsr2l
   555   00FEEE  C025  FFDA         	movff	??_gpio_port_write_logic+1,fsr2h
   556   00FEF2  C023  FFDF         	movff	gpio_port_write_logic@logic,indf2
   557   00FEF6                     l1032:
   558                           
   559                           ;MCAL_Layer/GPIO/hal_gpio.c: 210:     return ret;
   560   00FEF6  5026               	movf	gpio_port_write_logic@ret^0,w,c
   561   00FEF8  0012               	return		;funcret
   562   00FEFA                     __end_of_gpio_port_write_logic:
   563                           	callstack 0
   564                           
   565 ;; *************** function _gpio_port_read_logic *****************
   566 ;; Defined at:
   567 ;;		line 222 in file "MCAL_Layer/GPIO/hal_gpio.c"
   568 ;; Parameters:    Size  Location     Type
   569 ;;  port            1    wreg     enum E2819
   570 ;;  logic           2    0[COMRAM] PTR unsigned char 
   571 ;;		 -> port_log(1), 
   572 ;; Auto vars:     Size  Location     Type
   573 ;;  port            1    5[COMRAM] enum E2819
   574 ;;  ret             1    4[COMRAM] unsigned char 
   575 ;; Return value:  Size  Location     Type
   576 ;;                  1    wreg      unsigned char 
   577 ;; Registers used:
   578 ;;		wreg, fsr1l, fsr1h, fsr2l, fsr2h, status,2, status,0, prodl, prodh
   579 ;; Tracked objects:
   580 ;;		On entry : 0/0
   581 ;;		On exit  : 0/0
   582 ;;		Unchanged: 0/0
   583 ;; Data sizes:     COMRAM   BANK0   BANK1   BANK2   BANK3   BANK4   BANK5   BANK6   BANK7   BANK8   BANK9  BANK10  BANK1
      +1  BANK12  BANK13  BANK14  BANK15
   584 ;;      Params:         2       0       0       0       0       0       0       0       0       0       0       0       
      +0       0       0       0       0
   585 ;;      Locals:         2       0       0       0       0       0       0       0       0       0       0       0       
      +0       0       0       0       0
   586 ;;      Temps:          2       0       0       0       0       0       0       0       0       0       0       0       
      +0       0       0       0       0
   587 ;;      Totals:         6       0       0       0       0       0       0       0       0       0       0       0       
      +0       0       0       0       0
   588 ;;Total ram usage:        6 bytes
   589 ;; Hardware stack levels used: 1
   590 ;; This function calls:
   591 ;;		Nothing
   592 ;; This function is called by:
   593 ;;		_application_initialize
   594 ;; This function uses a non-reentrant model
   595 ;;
   596                           
   597                           	psect	text4
   598   00FFA0                     __ptext4:
   599                           	callstack 0
   600   00FFA0                     _gpio_port_read_logic:
   601                           	callstack 29
   602                           
   603                           ;incstack = 0
   604                           ;gpio_port_read_logic@port stored from wreg
   605   00FFA0  6E28               	movwf	gpio_port_read_logic@port^0,c
   606   00FFA2                     
   607                           ;MCAL_Layer/GPIO/hal_gpio.c: 223:       Std_ReturnType ret=(Std_ReturnType)0x01;
   608   00FFA2  0E01               	movlw	1
   609   00FFA4  6E27               	movwf	gpio_port_read_logic@ret^0,c
   610   00FFA6                     
   611                           ;MCAL_Layer/GPIO/hal_gpio.c: 224:     if((logic==((void*)0))||(port>5 -1)){
   612   00FFA6  5023               	movf	gpio_port_read_logic@logic^0,w,c
   613   00FFA8  1024               	iorwf	(gpio_port_read_logic@logic+1)^0,w,c
   614   00FFAA  B4D8               	btfsc	status,2,c
   615   00FFAC  EFDA  F07F         	goto	u411
   616   00FFB0  EFDC  F07F         	goto	u410
   617   00FFB4                     u411:
   618   00FFB4  EFE4  F07F         	goto	l1042
   619   00FFB8                     u410:
   620   00FFB8  0E04               	movlw	4
   621   00FFBA  6428               	cpfsgt	gpio_port_read_logic@port^0,c
   622   00FFBC  EFE2  F07F         	goto	u421
   623   00FFC0  EFE4  F07F         	goto	u420
   624   00FFC4                     u421:
   625   00FFC4  EFE8  F07F         	goto	l1044
   626   00FFC8                     u420:
   627   00FFC8                     l1042:
   628                           
   629                           ;MCAL_Layer/GPIO/hal_gpio.c: 225:         ret=(Std_ReturnType)0x00;
   630   00FFC8  0E00               	movlw	0
   631   00FFCA  6E27               	movwf	gpio_port_read_logic@ret^0,c
   632                           
   633                           ;MCAL_Layer/GPIO/hal_gpio.c: 226:     }
   634   00FFCC  EFFE  F07F         	goto	l1046
   635   00FFD0                     l1044:
   636                           
   637                           ;MCAL_Layer/GPIO/hal_gpio.c: 228:         *logic=*port_registers[port];
   638   00FFD0  5028               	movf	gpio_port_read_logic@port^0,w,c
   639   00FFD2  0D02               	mullw	2
   640   00FFD4  0E01               	movlw	low _port_registers
   641   00FFD6  24F3               	addwf	243,w,c
   642   00FFD8  6ED9               	movwf	fsr2l,c
   643   00FFDA  0E00               	movlw	high _port_registers
   644   00FFDC  20F4               	addwfc	prodh,w,c
   645   00FFDE  6EDA               	movwf	fsr2h,c
   646   00FFE0  CFDE F025          	movff	postinc2,??_gpio_port_read_logic
   647   00FFE4  CFDD F026          	movff	postdec2,??_gpio_port_read_logic+1
   648   00FFE8  C025  FFD9         	movff	??_gpio_port_read_logic,fsr2l
   649   00FFEC  C026  FFDA         	movff	??_gpio_port_read_logic+1,fsr2h
   650   00FFF0  C023  FFE1         	movff	gpio_port_read_logic@logic,fsr1l
   651   00FFF4  C024  FFE2         	movff	gpio_port_read_logic@logic+1,fsr1h
   652   00FFF8  CFDF FFE7          	movff	indf2,indf1
   653   00FFFC                     l1046:
   654                           
   655                           ;MCAL_Layer/GPIO/hal_gpio.c: 231:     return ret;
   656   00FFFC  5027               	movf	gpio_port_read_logic@ret^0,w,c
   657   00FFFE  0012               	return		;funcret
   658   010000                     __end_of_gpio_port_read_logic:
   659                           	callstack 0
   660                           
   661 ;; *************** function _gpio_port_get_direction_status *****************
   662 ;; Defined at:
   663 ;;		line 181 in file "MCAL_Layer/GPIO/hal_gpio.c"
   664 ;; Parameters:    Size  Location     Type
   665 ;;  port            1    wreg     enum E2819
   666 ;;  direction_st    2    0[COMRAM] PTR unsigned char 
   667 ;;		 -> port_dir(1), 
   668 ;; Auto vars:     Size  Location     Type
   669 ;;  port            1    5[COMRAM] enum E2819
   670 ;;  ret             1    4[COMRAM] unsigned char 
   671 ;; Return value:  Size  Location     Type
   672 ;;                  1    wreg      unsigned char 
   673 ;; Registers used:
   674 ;;		wreg, fsr1l, fsr1h, fsr2l, fsr2h, status,2, status,0, prodl, prodh
   675 ;; Tracked objects:
   676 ;;		On entry : 0/0
   677 ;;		On exit  : 0/0
   678 ;;		Unchanged: 0/0
   679 ;; Data sizes:     COMRAM   BANK0   BANK1   BANK2   BANK3   BANK4   BANK5   BANK6   BANK7   BANK8   BANK9  BANK10  BANK1
      +1  BANK12  BANK13  BANK14  BANK15
   680 ;;      Params:         2       0       0       0       0       0       0       0       0       0       0       0       
      +0       0       0       0       0
   681 ;;      Locals:         2       0       0       0       0       0       0       0       0       0       0       0       
      +0       0       0       0       0
   682 ;;      Temps:          2       0       0       0       0       0       0       0       0       0       0       0       
      +0       0       0       0       0
   683 ;;      Totals:         6       0       0       0       0       0       0       0       0       0       0       0       
      +0       0       0       0       0
   684 ;;Total ram usage:        6 bytes
   685 ;; Hardware stack levels used: 1
   686 ;; This function calls:
   687 ;;		Nothing
   688 ;; This function is called by:
   689 ;;		_application_initialize
   690 ;; This function uses a non-reentrant model
   691 ;;
   692                           
   693                           	psect	text5
   694   00FF40                     __ptext5:
   695                           	callstack 0
   696   00FF40                     _gpio_port_get_direction_status:
   697                           	callstack 29
   698                           
   699                           ;incstack = 0
   700                           ;gpio_port_get_direction_status@port stored from wreg
   701   00FF40  6E28               	movwf	gpio_port_get_direction_status@port^0,c
   702   00FF42                     
   703                           ;MCAL_Layer/GPIO/hal_gpio.c: 182:       Std_ReturnType ret=(Std_ReturnType)0x01;
   704   00FF42  0E01               	movlw	1
   705   00FF44  6E27               	movwf	gpio_port_get_direction_status@ret^0,c
   706   00FF46                     
   707                           ;MCAL_Layer/GPIO/hal_gpio.c: 183:     if((direction_status==((void*)0))||(port>5 -1)){
   708   00FF46  5023               	movf	gpio_port_get_direction_status@direction_status^0,w,c
   709   00FF48  1024               	iorwf	(gpio_port_get_direction_status@direction_status+1)^0,w,c
   710   00FF4A  B4D8               	btfsc	status,2,c
   711   00FF4C  EFAA  F07F         	goto	u381
   712   00FF50  EFAC  F07F         	goto	u380
   713   00FF54                     u381:
   714   00FF54  EFB4  F07F         	goto	l1016
   715   00FF58                     u380:
   716   00FF58  0E04               	movlw	4
   717   00FF5A  6428               	cpfsgt	gpio_port_get_direction_status@port^0,c
   718   00FF5C  EFB2  F07F         	goto	u391
   719   00FF60  EFB4  F07F         	goto	u390
   720   00FF64                     u391:
   721   00FF64  EFB8  F07F         	goto	l1018
   722   00FF68                     u390:
   723   00FF68                     l1016:
   724                           
   725                           ;MCAL_Layer/GPIO/hal_gpio.c: 184:         ret=(Std_ReturnType)0x00;
   726   00FF68  0E00               	movlw	0
   727   00FF6A  6E27               	movwf	gpio_port_get_direction_status@ret^0,c
   728                           
   729                           ;MCAL_Layer/GPIO/hal_gpio.c: 185:     }
   730   00FF6C  EFCE  F07F         	goto	l1020
   731   00FF70                     l1018:
   732                           
   733                           ;MCAL_Layer/GPIO/hal_gpio.c: 188:         *direction_status=*tris_registers[port];
   734   00FF70  5028               	movf	gpio_port_get_direction_status@port^0,w,c
   735   00FF72  0D02               	mullw	2
   736   00FF74  0E15               	movlw	low _tris_registers
   737   00FF76  24F3               	addwf	243,w,c
   738   00FF78  6ED9               	movwf	fsr2l,c
   739   00FF7A  0E00               	movlw	high _tris_registers
   740   00FF7C  20F4               	addwfc	prodh,w,c
   741   00FF7E  6EDA               	movwf	fsr2h,c
   742   00FF80  CFDE F025          	movff	postinc2,??_gpio_port_get_direction_status
   743   00FF84  CFDD F026          	movff	postdec2,??_gpio_port_get_direction_status+1
   744   00FF88  C025  FFD9         	movff	??_gpio_port_get_direction_status,fsr2l
   745   00FF8C  C026  FFDA         	movff	??_gpio_port_get_direction_status+1,fsr2h
   746   00FF90  C023  FFE1         	movff	gpio_port_get_direction_status@direction_status,fsr1l
   747   00FF94  C024  FFE2         	movff	gpio_port_get_direction_status@direction_status+1,fsr1h
   748   00FF98  CFDF FFE7          	movff	indf2,indf1
   749   00FF9C                     l1020:
   750                           
   751                           ;MCAL_Layer/GPIO/hal_gpio.c: 190:     return ret;
   752   00FF9C  5027               	movf	gpio_port_get_direction_status@ret^0,w,c
   753   00FF9E  0012               	return		;funcret
   754   00FFA0                     __end_of_gpio_port_get_direction_status:
   755                           	callstack 0
   756                           
   757 ;; *************** function _gpio_port_direction_initialize *****************
   758 ;; Defined at:
   759 ;;		line 161 in file "MCAL_Layer/GPIO/hal_gpio.c"
   760 ;; Parameters:    Size  Location     Type
   761 ;;  port            1    wreg     enum E2819
   762 ;;  direction       1    0[COMRAM] unsigned char 
   763 ;; Auto vars:     Size  Location     Type
   764 ;;  port            1    4[COMRAM] enum E2819
   765 ;;  ret             1    3[COMRAM] unsigned char 
   766 ;; Return value:  Size  Location     Type
   767 ;;                  1    wreg      unsigned char 
   768 ;; Registers used:
   769 ;;		wreg, fsr2l, fsr2h, status,2, status,0, prodl, prodh
   770 ;; Tracked objects:
   771 ;;		On entry : 0/0
   772 ;;		On exit  : 0/0
   773 ;;		Unchanged: 0/0
   774 ;; Data sizes:     COMRAM   BANK0   BANK1   BANK2   BANK3   BANK4   BANK5   BANK6   BANK7   BANK8   BANK9  BANK10  BANK1
      +1  BANK12  BANK13  BANK14  BANK15
   775 ;;      Params:         1       0       0       0       0       0       0       0       0       0       0       0       
      +0       0       0       0       0
   776 ;;      Locals:         2       0       0       0       0       0       0       0       0       0       0       0       
      +0       0       0       0       0
   777 ;;      Temps:          2       0       0       0       0       0       0       0       0       0       0       0       
      +0       0       0       0       0
   778 ;;      Totals:         5       0       0       0       0       0       0       0       0       0       0       0       
      +0       0       0       0       0
   779 ;;Total ram usage:        5 bytes
   780 ;; Hardware stack levels used: 1
   781 ;; This function calls:
   782 ;;		Nothing
   783 ;; This function is called by:
   784 ;;		_application_initialize
   785 ;; This function uses a non-reentrant model
   786 ;;
   787                           
   788                           	psect	text6
   789   00FE6E                     __ptext6:
   790                           	callstack 0
   791   00FE6E                     _gpio_port_direction_initialize:
   792                           	callstack 29
   793                           
   794                           ;incstack = 0
   795                           ;gpio_port_direction_initialize@port stored from wreg
   796   00FE6E  6E27               	movwf	gpio_port_direction_initialize@port^0,c
   797   00FE70                     
   798                           ;MCAL_Layer/GPIO/hal_gpio.c: 162:       Std_ReturnType ret=(Std_ReturnType)0x01;
   799   00FE70  0E01               	movlw	1
   800   00FE72  6E26               	movwf	gpio_port_direction_initialize@ret^0,c
   801   00FE74                     
   802                           ;MCAL_Layer/GPIO/hal_gpio.c: 163:     if((port>5 -1)){
   803   00FE74  0E04               	movlw	4
   804   00FE76  6427               	cpfsgt	gpio_port_direction_initialize@port^0,c
   805   00FE78  EF40  F07F         	goto	u371
   806   00FE7C  EF42  F07F         	goto	u370
   807   00FE80                     u371:
   808   00FE80  EF46  F07F         	goto	l1004
   809   00FE84                     u370:
   810   00FE84                     
   811                           ;MCAL_Layer/GPIO/hal_gpio.c: 164:         ret=(Std_ReturnType)0x00;
   812   00FE84  0E00               	movlw	0
   813   00FE86  6E26               	movwf	gpio_port_direction_initialize@ret^0,c
   814                           
   815                           ;MCAL_Layer/GPIO/hal_gpio.c: 165:     }
   816   00FE88  EF58  F07F         	goto	l1006
   817   00FE8C                     l1004:
   818                           
   819                           ;MCAL_Layer/GPIO/hal_gpio.c: 167:         *tris_registers[port]=direction;
   820   00FE8C  5027               	movf	gpio_port_direction_initialize@port^0,w,c
   821   00FE8E  0D02               	mullw	2
   822   00FE90  0E15               	movlw	low _tris_registers
   823   00FE92  24F3               	addwf	243,w,c
   824   00FE94  6ED9               	movwf	fsr2l,c
   825   00FE96  0E00               	movlw	high _tris_registers
   826   00FE98  20F4               	addwfc	prodh,w,c
   827   00FE9A  6EDA               	movwf	fsr2h,c
   828   00FE9C  CFDE F024          	movff	postinc2,??_gpio_port_direction_initialize
   829   00FEA0  CFDD F025          	movff	postdec2,??_gpio_port_direction_initialize+1
   830   00FEA4  C024  FFD9         	movff	??_gpio_port_direction_initialize,fsr2l
   831   00FEA8  C025  FFDA         	movff	??_gpio_port_direction_initialize+1,fsr2h
   832   00FEAC  C023  FFDF         	movff	gpio_port_direction_initialize@direction,indf2
   833   00FEB0                     l1006:
   834                           
   835                           ;MCAL_Layer/GPIO/hal_gpio.c: 169:     return ret;
   836   00FEB0  5026               	movf	gpio_port_direction_initialize@ret^0,w,c
   837   00FEB2  0012               	return		;funcret
   838   00FEB4                     __end_of_gpio_port_direction_initialize:
   839                           	callstack 0
   840   000000                     
   841                           	psect	rparam
   842   000000                     
   843                           	psect	config
   844                           
   845                           ; Padding undefined space
   846   300000                     	org	3145728
   847   300000  FF                 	db	255
   848                           
   849                           ;Config register CONFIG1H @ 0x300001
   850                           ;	Oscillator Selection bits
   851                           ;	OSC = HS, HS oscillator
   852                           ;	Fail-Safe Clock Monitor Enable bit
   853                           ;	FCMEN = OFF, Fail-Safe Clock Monitor disabled
   854                           ;	Internal/External Oscillator Switchover bit
   855                           ;	IESO = OFF, Oscillator Switchover mode disabled
   856   300001                     	org	3145729
   857   300001  02                 	db	2
   858                           
   859                           ;Config register CONFIG2L @ 0x300002
   860                           ;	Power-up Timer Enable bit
   861                           ;	PWRT = OFF, PWRT disabled
   862                           ;	Brown-out Reset Enable bits
   863                           ;	BOREN = OFF, Brown-out Reset disabled in hardware and software
   864                           ;	Brown Out Reset Voltage bits
   865                           ;	BORV = 1, 
   866   300002                     	org	3145730
   867   300002  09                 	db	9
   868                           
   869                           ;Config register CONFIG2H @ 0x300003
   870                           ;	Watchdog Timer Enable bit
   871                           ;	WDT = OFF, WDT disabled (control is placed on the SWDTEN bit)
   872                           ;	Watchdog Timer Postscale Select bits
   873                           ;	WDTPS = 32768, 1:32768
   874   300003                     	org	3145731
   875   300003  1E                 	db	30
   876                           
   877                           ; Padding undefined space
   878   300004                     	org	3145732
   879   300004  FF                 	db	255
   880                           
   881                           ;Config register CONFIG3H @ 0x300005
   882                           ;	CCP2 MUX bit
   883                           ;	CCP2MX = PORTC, CCP2 input/output is multiplexed with RC1
   884                           ;	PORTB A/D Enable bit
   885                           ;	PBADEN = OFF, PORTB<4:0> pins are configured as digital I/O on Reset
   886                           ;	Low-Power Timer1 Oscillator Enable bit
   887                           ;	LPT1OSC = OFF, Timer1 configured for higher power operation
   888                           ;	MCLR Pin Enable bit
   889                           ;	MCLRE = ON, MCLR pin enabled; RE3 input pin disabled
   890   300005                     	org	3145733
   891   300005  81                 	db	129
   892                           
   893                           ;Config register CONFIG4L @ 0x300006
   894                           ;	Stack Full/Underflow Reset Enable bit
   895                           ;	STVREN = ON, Stack full/underflow will cause Reset
   896                           ;	Single-Supply ICSP Enable bit
   897                           ;	LVP = OFF, Single-Supply ICSP disabled
   898                           ;	Extended Instruction Set Enable bit
   899                           ;	XINST = OFF, Instruction set extension and Indexed Addressing mode disabled (Legacy mo
      +                          de)
   900                           ;	Background Debugger Enable bit
   901                           ;	DEBUG = 0x1, unprogrammed default
   902   300006                     	org	3145734
   903   300006  81                 	db	129
   904                           
   905                           ; Padding undefined space
   906   300007                     	org	3145735
   907   300007  FF                 	db	255
   908                           
   909                           ;Config register CONFIG5L @ 0x300008
   910                           ;	Code Protection bit
   911                           ;	CP0 = OFF, Block 0 (000800-003FFFh) not code-protected
   912                           ;	Code Protection bit
   913                           ;	CP1 = OFF, Block 1 (004000-007FFFh) not code-protected
   914                           ;	Code Protection bit
   915                           ;	CP2 = OFF, Block 2 (008000-00BFFFh) not code-protected
   916                           ;	Code Protection bit
   917                           ;	CP3 = OFF, Block 3 (00C000-00FFFFh) not code-protected
   918   300008                     	org	3145736
   919   300008  0F                 	db	15
   920                           
   921                           ;Config register CONFIG5H @ 0x300009
   922                           ;	Boot Block Code Protection bit
   923                           ;	CPB = OFF, Boot block (000000-0007FFh) not code-protected
   924                           ;	Data EEPROM Code Protection bit
   925                           ;	CPD = OFF, Data EEPROM not code-protected
   926   300009                     	org	3145737
   927   300009  C0                 	db	192
   928                           
   929                           ;Config register CONFIG6L @ 0x30000A
   930                           ;	Write Protection bit
   931                           ;	WRT0 = OFF, Block 0 (000800-003FFFh) not write-protected
   932                           ;	Write Protection bit
   933                           ;	WRT1 = OFF, Block 1 (004000-007FFFh) not write-protected
   934                           ;	Write Protection bit
   935                           ;	WRT2 = OFF, Block 2 (008000-00BFFFh) not write-protected
   936                           ;	Write Protection bit
   937                           ;	WRT3 = OFF, Block 3 (00C000-00FFFFh) not write-protected
   938   30000A                     	org	3145738
   939   30000A  0F                 	db	15
   940                           
   941                           ;Config register CONFIG6H @ 0x30000B
   942                           ;	Configuration Register Write Protection bit
   943                           ;	WRTC = OFF, Configuration registers (300000-3000FFh) not write-protected
   944                           ;	Boot Block Write Protection bit
   945                           ;	WRTB = OFF, Boot Block (000000-0007FFh) not write-protected
   946                           ;	Data EEPROM Write Protection bit
   947                           ;	WRTD = OFF, Data EEPROM not write-protected
   948   30000B                     	org	3145739
   949   30000B  E0                 	db	224
   950                           
   951                           ;Config register CONFIG7L @ 0x30000C
   952                           ;	Table Read Protection bit
   953                           ;	EBTR0 = OFF, Block 0 (000800-003FFFh) not protected from table reads executed in other
      +                           blocks
   954                           ;	Table Read Protection bit
   955                           ;	EBTR1 = OFF, Block 1 (004000-007FFFh) not protected from table reads executed in other
      +                           blocks
   956                           ;	Table Read Protection bit
   957                           ;	EBTR2 = OFF, Block 2 (008000-00BFFFh) not protected from table reads executed in other
      +                           blocks
   958                           ;	Table Read Protection bit
   959                           ;	EBTR3 = OFF, Block 3 (00C000-00FFFFh) not protected from table reads executed in other
      +                           blocks
   960   30000C                     	org	3145740
   961   30000C  0F                 	db	15
   962                           
   963                           ;Config register CONFIG7H @ 0x30000D
   964                           ;	Boot Block Table Read Protection bit
   965                           ;	EBTRB = OFF, Boot Block (000000-0007FFh) not protected from table reads executed in ot
      +                          her blocks
   966   30000D                     	org	3145741
   967   30000D  40                 	db	64
   968                           tosu	equ	0xFFF
   969                           tosh	equ	0xFFE
   970                           tosl	equ	0xFFD
   971                           stkptr	equ	0xFFC
   972                           pclatu	equ	0xFFB
   973                           pclath	equ	0xFFA
   974                           pcl	equ	0xFF9
   975                           tblptru	equ	0xFF8
   976                           tblptrh	equ	0xFF7
   977                           tblptrl	equ	0xFF6
   978                           tablat	equ	0xFF5
   979                           prodh	equ	0xFF4
   980                           prodl	equ	0xFF3
   981                           indf0	equ	0xFEF
   982                           postinc0	equ	0xFEE
   983                           postdec0	equ	0xFED
   984                           preinc0	equ	0xFEC
   985                           plusw0	equ	0xFEB
   986                           fsr0h	equ	0xFEA
   987                           fsr0l	equ	0xFE9
   988                           wreg	equ	0xFE8
   989                           indf1	equ	0xFE7
   990                           postinc1	equ	0xFE6
   991                           postdec1	equ	0xFE5
   992                           preinc1	equ	0xFE4
   993                           plusw1	equ	0xFE3
   994                           fsr1h	equ	0xFE2
   995                           fsr1l	equ	0xFE1
   996                           bsr	equ	0xFE0
   997                           indf2	equ	0xFDF
   998                           postinc2	equ	0xFDE
   999                           postdec2	equ	0xFDD
  1000                           preinc2	equ	0xFDC
  1001                           plusw2	equ	0xFDB
  1002                           fsr2h	equ	0xFDA
  1003                           fsr2l	equ	0xFD9
  1004                           status	equ	0xFD8

Data Sizes:
    Strings     0
    Constant    0
    Data        34
    BSS         4
    Persistent  1
    Stack       0

Auto Spaces:
    Space          Size  Autos    Used
    COMRAM          127      8      47
    BANK0           128      0       0
    BANK1           256      0       0
    BANK2           256      0       0
    BANK3           256      0       0
    BANK4           256      0       0
    BANK5           256      0       0
    BANK6           256      0       0
    BANK7           256      0       0
    BANK8           256      0       0
    BANK9           256      0       0
    BANK10          256      0       0
    BANK11          256      0       0
    BANK12          256      0       0
    BANK13          256      0       0
    BANK14          256      0       0
    BANK15          128      0       0

Pointer List with Targets:

    gpio_port_read_logic@logic	PTR unsigned char  size(2) Largest target is 1
		 -> port_log(COMRAM[1]), 

    gpio_port_get_direction_status@direction_status	PTR unsigned char  size(2) Largest target is 1
		 -> port_dir(COMRAM[1]), 

    port_registers	PTR volatile unsigned char [5] size(2) Largest target is 3967
		 -> RAM(DATA[3967]), 

    lat_registers	PTR volatile unsigned char [5] size(2) Largest target is 3967
		 -> RAM(DATA[3967]), 

    tris_registers	PTR volatile unsigned char [5] size(2) Largest target is 3967
		 -> RAM(DATA[3967]), 


Critical Paths under _main in COMRAM

    _application_initialize->_gpio_port_get_direction_status
    _application_initialize->_gpio_port_read_logic

Critical Paths under _main in BANK0

    None.

Critical Paths under _main in BANK1

    None.

Critical Paths under _main in BANK2

    None.

Critical Paths under _main in BANK3

    None.

Critical Paths under _main in BANK4

    None.

Critical Paths under _main in BANK5

    None.

Critical Paths under _main in BANK6

    None.

Critical Paths under _main in BANK7

    None.

Critical Paths under _main in BANK8

    None.

Critical Paths under _main in BANK9

    None.

Critical Paths under _main in BANK10

    None.

Critical Paths under _main in BANK11

    None.

Critical Paths under _main in BANK12

    None.

Critical Paths under _main in BANK13

    None.

Critical Paths under _main in BANK14

    None.

Critical Paths under _main in BANK15

    None.

Call Graph Tables:

 ---------------------------------------------------------------------------------
 (Depth) Function   	        Calls       Base Space   Used Autos Params    Refs
 ---------------------------------------------------------------------------------
 (0) _main                                                 2     2      0     753
                                              6 COMRAM     2     2      0
             _application_initialize
             _gpio_port_toggle_logic
 ---------------------------------------------------------------------------------
 (1) _gpio_port_toggle_logic                               4     4      0      45
                                              0 COMRAM     4     4      0
 ---------------------------------------------------------------------------------
 (1) _application_initialize                               0     0      0     708
     _gpio_port_direction_initialize
     _gpio_port_get_direction_status
               _gpio_port_read_logic
              _gpio_port_write_logic
 ---------------------------------------------------------------------------------
 (2) _gpio_port_write_logic                                5     4      1     166
                                              0 COMRAM     5     4      1
 ---------------------------------------------------------------------------------
 (2) _gpio_port_read_logic                                 6     4      2     188
                                              0 COMRAM     6     4      2
 ---------------------------------------------------------------------------------
 (2) _gpio_port_get_direction_status                       6     4      2     188
                                              0 COMRAM     6     4      2
 ---------------------------------------------------------------------------------
 (2) _gpio_port_direction_initialize                       5     4      1     166
                                              0 COMRAM     5     4      1
 ---------------------------------------------------------------------------------
 Estimated maximum stack depth 2
 ---------------------------------------------------------------------------------

 Call Graph Graphs:

 _main (ROOT)
   _application_initialize
     _gpio_port_direction_initialize
     _gpio_port_get_direction_status
     _gpio_port_read_logic
     _gpio_port_write_logic
   _gpio_port_toggle_logic

 Address spaces:
Name               Size   Autos  Total    Cost      Usage
BIGRAM             F7F      0       0      38        0.0%
EEDATA             400      0       0       0        0.0%
BITBANK14          100      0       0      33        0.0%
BANK14             100      0       0      34        0.0%
BITBANK13          100      0       0      31        0.0%
BANK13             100      0       0      32        0.0%
BITBANK12          100      0       0      29        0.0%
BANK12             100      0       0      30        0.0%
BITBANK11          100      0       0      27        0.0%
BANK11             100      0       0      28        0.0%
BITBANK10          100      0       0      25        0.0%
BANK10             100      0       0      26        0.0%
BITBANK9           100      0       0      23        0.0%
BANK9              100      0       0      24        0.0%
BITBANK8           100      0       0      21        0.0%
BANK8              100      0       0      22        0.0%
BITBANK7           100      0       0      19        0.0%
BANK7              100      0       0      20        0.0%
BITBANK6           100      0       0      17        0.0%
BANK6              100      0       0      18        0.0%
BITBANK5           100      0       0      15        0.0%
BANK5              100      0       0      16        0.0%
BITBANK4           100      0       0      13        0.0%
BANK4              100      0       0      14        0.0%
BITBANK3           100      0       0      10        0.0%
BANK3              100      0       0      11        0.0%
BITBANK2           100      0       0       8        0.0%
BANK2              100      0       0       9        0.0%
BITBANK1           100      0       0       6        0.0%
BANK1              100      0       0       7        0.0%
BITBIGSFR           80      0       0      37        0.0%
BITBANK15           80      0       0      35        0.0%
BANK15              80      0       0      36        0.0%
BITBANK0            80      0       0       4        0.0%
BANK0               80      0       0       5        0.0%
BITCOMRAM           7F      0       0       0        0.0%
COMRAM              7F      8      2F       1       37.0%
BIGSFR               0      0       0     200        0.0%
BITSFR               0      0       0     200        0.0%
SFR                  0      0       0     200        0.0%
STACK                0      0       0       2        0.0%
NULL                 0      0       0       0        0.0%
ABS                  0      0      2F      12        0.0%
DATA                 0      0      2F       3        0.0%
CODE                 0      0       0       0        0.0%


Microchip Technology PIC18 Macro Assembler V2.41 build 20230208172133 
Symbol Table                                                                                   Thu Aug 17 21:12:27 2023

                                            l74 FF9E                                              l67 FEB2  
                                            l91 FF3E                                              l86 FFFE  
                                            l79 FEF8                                              u70 FF10  
                                            u71 FF0C                                             l134 FE6C  
                                           l870 FF3C                                             l862 FEFC  
                                           l864 FF00                                             l866 FF10  
                                           l868 FF18                                             l998 FE70  
                                           u400 FECA                                             u401 FEC6  
                                           u410 FFB8                                             u411 FFB4  
                                           u420 FFC8                                             u421 FFC4  
                                           u370 FE84                                             u371 FE80  
                                           u380 FF58                                             u381 FF54  
                                           u437 FDEE                                             u390 FF68  
                                           u391 FF64                                             _ret 002F  
                                           prod 0FF3                                             wreg 0FE8  
                                          l1000 FE74                                            l1002 FE84  
                                          l1010 FF42                                            l1004 FE8C  
                                          l1020 FF9C                                            l1012 FF46  
                                          l1006 FEB0                                            l1014 FF58  
                                          l1030 FED2                                            l1016 FF68  
                                          l1040 FFB8                                            l1032 FEF6  
                                          l1024 FEB6                                            l1018 FF70  
                                          l1042 FFC8                                            l1026 FEBA  
                                          l1050 FE34                                            l1044 FFD0  
                                          l1036 FFA2                                            l1028 FECA  
                                          l1052 FE40                                            l1060 FDE4  
                                          l1046 FFFC                                            l1038 FFA6  
                                          l1054 FE50                                            l1056 FDD8  
                                          l1058 FDDC                         gpio_port_read_logic@ret 0027  
                                          _led1 0022                                            _led2 0021  
                                          _led3 0020                                            _main FDD8  
                                          fsr1h 0FE2                                            fsr2h 0FDA  
                                          indf1 0FE7                                            indf2 0FDF  
                                          fsr1l 0FE1                                            fsr2l 0FD9  
                                          prodl 0FF3                                            start 0000  
                                  ___param_bank 0000                           _gpio_port_write_logic FEB4  
                                         ?_main 0023                        ??_application_initialize 0029  
                      gpio_port_read_logic@port 0028                                           _btn_1 001F  
                                         tablat 0FF5                                           status 0FD8  
                               __initialization FE02                                    __end_of_main FE02  
                                 _lat_registers 000B                                          ??_main 0029  
                                 __activetblptr 0002                       gpio_port_write_logic@port 0027  
                       ?_gpio_port_toggle_logic 0023          __end_of_gpio_port_direction_initialize FEB4  
                _gpio_port_direction_initialize FE6E                          ?_gpio_port_write_logic 0023  
                                        isa$std 0001                                    __pdataCOMRAM 0001  
                                        tblptrh 0FF7                                          tblptrl 0FF6  
                                        tblptru 0FF8                    __end_of_gpio_port_read_logic 0000  
                                    __accesstop 0080                         __end_of__initialization FE2A  
                __end_of_gpio_port_toggle_logic FF40                                   ___rparam_used 0001  
                                __pcstackCOMRAM 0023                      gpio_port_toggle_logic@port 0026  
                      gpio_port_write_logic@ret 0026                          _application_initialize FE34  
                                    __pnvCOMRAM 002F                                  _tris_registers 0015  
                                       __Hparam 0000                                         __Lparam 0000  
                          _gpio_port_read_logic FFA0                                         __pcinit FE02  
                                       _led1_st 002C                                         _btn1_st 002B  
                                       __ramtop 1000                                         __ptext0 FDD8  
                                       __ptext1 FEFA                                         __ptext2 FE34  
                                       __ptext3 FEB4                                         __ptext4 FFA0  
                                       __ptext5 FF40                                         __ptext6 FE6E  
                          end_of_initialization FE2A               gpio_port_direction_initialize@ret 0026  
                                 __Lmediumconst 0000                         ??_gpio_port_write_logic 0024  
                         ?_gpio_port_read_logic 0023                                         postdec1 0FE5  
                                       postdec2 0FDD                                         postinc0 0FEE  
                                       postinc2 0FDE                ??_gpio_port_get_direction_status 0025  
               ?_gpio_port_get_direction_status 0023         gpio_port_direction_initialize@direction 0023  
                                 __pidataCOMRAM FDB6                             start_initialization FE02  
                       ?_application_initialize 0023                          ??_gpio_port_read_logic 0025  
                                   __pbssCOMRAM 002B                  __end_of_application_initialize FE6E  
                      ??_gpio_port_toggle_logic 0023                   __end_of_gpio_port_write_logic FEFA  
            gpio_port_get_direction_status@port 0028                                       copy_data0 FE16  
        __end_of_gpio_port_get_direction_status FFA0                  _gpio_port_get_direction_status FF40  
gpio_port_get_direction_status@direction_status 0023                       gpio_port_read_logic@logic 0023  
                                      __Hrparam 0000                                        __Lrparam 0000  
                     gpio_port_toggle_logic@ret 0025                                        isa$xinst 0000  
                                      _port_dir 002E                                        _port_log 002D  
             gpio_port_get_direction_status@ret 0027                ??_gpio_port_direction_initialize 0024  
               ?_gpio_port_direction_initialize 0023              gpio_port_direction_initialize@port 0027  
                        _gpio_port_toggle_logic FEFA                                  _port_registers 0001  
                    gpio_port_write_logic@logic 0023  
